  main.c
C:\Users\student\source\repos\Platforma za trgovanje dionicama\Platforma za trgovanje dionicama\main.c(48,29): warning C4013: 'pohrani_dionicu_u_datoteku' undefined; assuming extern returning int
C:\Users\student\source\repos\Platforma za trgovanje dionicama\Platforma za trgovanje dionicama\main.c(72,27): warning C4013: 'sortiraj_po_datumu_kupnje' undefined; assuming extern returning int
C:\Users\student\source\repos\Platforma za trgovanje dionicama\Platforma za trgovanje dionicama\main.c(20,1): warning C4305: 'initializing': truncation from 'double' to 'float'
C:\Users\student\source\repos\Platforma za trgovanje dionicama\Platforma za trgovanje dionicama\main.c(22,1): warning C4305: 'initializing': truncation from 'double' to 'float'
C:\Users\student\source\repos\Platforma za trgovanje dionicama\Platforma za trgovanje dionicama\main.c(23,1): warning C4305: 'initializing': truncation from 'double' to 'float'
C:\Users\student\source\repos\Platforma za trgovanje dionicama\Platforma za trgovanje dionicama\main.c(24,1): warning C4305: 'initializing': truncation from 'double' to 'float'
C:\Users\student\source\repos\Platforma za trgovanje dionicama\Platforma za trgovanje dionicama\main.c(25,1): warning C4305: 'initializing': truncation from 'double' to 'float'
C:\Users\student\source\repos\Platforma za trgovanje dionicama\Platforma za trgovanje dionicama\main.c(26,1): warning C4305: 'initializing': truncation from 'double' to 'float'
C:\Users\student\source\repos\Platforma za trgovanje dionicama\Platforma za trgovanje dionicama\main.c(27,1): warning C4305: 'initializing': truncation from 'double' to 'float'
C:\Users\student\source\repos\Platforma za trgovanje dionicama\Platforma za trgovanje dionicama\main.c(28,1): warning C4305: 'initializing': truncation from 'double' to 'float'
C:\Users\student\source\repos\Platforma za trgovanje dionicama\Platforma za trgovanje dionicama\main.c(30,1): warning C4305: 'initializing': truncation from 'double' to 'float'
C:\Users\student\source\repos\Platforma za trgovanje dionicama\Platforma za trgovanje dionicama\main.c(31,1): warning C4305: 'initializing': truncation from 'double' to 'float'
C:\Users\student\source\repos\Platforma za trgovanje dionicama\Platforma za trgovanje dionicama\main.c(32,1): warning C4305: 'initializing': truncation from 'double' to 'float'
C:\Users\student\source\repos\Platforma za trgovanje dionicama\Platforma za trgovanje dionicama\main.c(33,1): warning C4305: 'initializing': truncation from 'double' to 'float'
C:\Users\student\source\repos\Platforma za trgovanje dionicama\Platforma za trgovanje dionicama\main.c(34,1): warning C4305: 'initializing': truncation from 'double' to 'float'
C:\Users\student\source\repos\Platforma za trgovanje dionicama\Platforma za trgovanje dionicama\main.c(35,1): warning C4305: 'initializing': truncation from 'double' to 'float'
C:\Users\student\source\repos\Platforma za trgovanje dionicama\Platforma za trgovanje dionicama\main.c(36,1): warning C4305: 'initializing': truncation from 'double' to 'float'
C:\Users\student\source\repos\Platforma za trgovanje dionicama\Platforma za trgovanje dionicama\main.c(37,1): warning C4305: 'initializing': truncation from 'double' to 'float'
C:\Users\student\source\repos\Platforma za trgovanje dionicama\Platforma za trgovanje dionicama\main.c(38,1): warning C4305: 'initializing': truncation from 'double' to 'float'
C:\Users\student\source\repos\Platforma za trgovanje dionicama\Platforma za trgovanje dionicama\main.c(39,1): warning C4305: 'initializing': truncation from 'double' to 'float'
  Platforma za trgovanje dionicama.vcxproj -> C:\Users\student\source\repos\Platforma za trgovanje dionicama\Debug\Platforma za trgovanje dionicama.exe
